{
  "numFailedTestSuites": 0,
  "numFailedTests": 0,
  "numPassedTestSuites": 2,
  "numPassedTests": 28,
  "numPendingTestSuites": 0,
  "numPendingTests": 0,
  "numRuntimeErrorTestSuites": 0,
  "numTodoTests": 0,
  "numTotalTestSuites": 2,
  "numTotalTests": 28,
  "openHandles": [],
  "snapshot": {
    "added": 0,
    "didUpdate": false,
    "failure": false,
    "filesAdded": 0,
    "filesRemoved": 0,
    "filesRemovedList": [],
    "filesUnmatched": 0,
    "filesUpdated": 0,
    "matched": 0,
    "total": 0,
    "unchecked": 0,
    "uncheckedKeysByFile": [],
    "unmatched": 0,
    "updated": 0
  },
  "startTime": 1719807672770,
  "success": false,
  "testResults": [
    {
      "leaks": false,
      "numFailingTests": 0,
      "numPassingTests": 14,
      "numPendingTests": 0,
      "numTodoTests": 0,
      "openHandles": [],
      "perfStats": {
        "end": 1719807677648,
        "runtime": 4496,
        "slow": false,
        "start": 1719807673152
      },
      "skipped": false,
      "snapshot": {
        "added": 0,
        "fileDeleted": false,
        "matched": 0,
        "unchecked": 0,
        "uncheckedKeys": [],
        "unmatched": 0,
        "updated": 0
      },
      "testFilePath": "C:\\Users\\pflav\\gitHub\\pats_disciplina_api_01\\primeiro-teste\\test\\conteudo\\validacao-conteudo.test.js",
      "testResults": [
        {
          "ancestorTitles": [
            "Suite de testes para validar campos obrigatório e mensagens de retorno)"
          ],
          "duration": 44,
          "failureDetails": [],
          "failureMessages": [],
          "fullName": "Suite de testes para validar campos obrigatório e mensagens de retorno) Teste 05, Cadastro de um conteudo sem titulo verificar mensagem de erro.",
          "invocations": 1,
          "location": null,
          "numPassingAsserts": 2,
          "retryReasons": [],
          "status": "passed",
          "title": "Teste 05, Cadastro de um conteudo sem titulo verificar mensagem de erro."
        },
        {
          "ancestorTitles": [
            "Suite de testes para validar campos obrigatório e mensagens de retorno)"
          ],
          "duration": 4,
          "failureDetails": [],
          "failureMessages": [],
          "fullName": "Suite de testes para validar campos obrigatório e mensagens de retorno) Teste 06, Cadastro de um conteudo sem descricao verificar mensagem de erro.",
          "invocations": 1,
          "location": null,
          "numPassingAsserts": 2,
          "retryReasons": [],
          "status": "passed",
          "title": "Teste 06, Cadastro de um conteudo sem descricao verificar mensagem de erro."
        },
        {
          "ancestorTitles": [
            "Suite de testes para validar campos obrigatório e mensagens de retorno)"
          ],
          "duration": 4,
          "failureDetails": [],
          "failureMessages": [],
          "fullName": "Suite de testes para validar campos obrigatório e mensagens de retorno) Teste 07, Cadastro de um conteudo sem tipoConteudo verificar mensagem de erro.",
          "invocations": 1,
          "location": null,
          "numPassingAsserts": 2,
          "retryReasons": [],
          "status": "passed",
          "title": "Teste 07, Cadastro de um conteudo sem tipoConteudo verificar mensagem de erro."
        },
        {
          "ancestorTitles": [
            "Suite de testes para validar campos obrigatório e mensagens de retorno)"
          ],
          "duration": 7,
          "failureDetails": [],
          "failureMessages": [],
          "fullName": "Suite de testes para validar campos obrigatório e mensagens de retorno) Teste 08, Cadastro de um conteudo sem conteudo verificar mensagem de erro.",
          "invocations": 1,
          "location": null,
          "numPassingAsserts": 2,
          "retryReasons": [],
          "status": "passed",
          "title": "Teste 08, Cadastro de um conteudo sem conteudo verificar mensagem de erro."
        },
        {
          "ancestorTitles": [
            "Suite de testes para validar campos obrigatório e mensagens de retorno)"
          ],
          "duration": 3,
          "failureDetails": [],
          "failureMessages": [],
          "fullName": "Suite de testes para validar campos obrigatório e mensagens de retorno) Teste 09, Cadastro de um conteudo sem dados verificar mensagem de erro.",
          "invocations": 1,
          "location": null,
          "numPassingAsserts": 2,
          "retryReasons": [],
          "status": "passed",
          "title": "Teste 09, Cadastro de um conteudo sem dados verificar mensagem de erro."
        },
        {
          "ancestorTitles": [
            "Suite de testes para validar campos obrigatório e mensagens de retorno)"
          ],
          "duration": 7,
          "failureDetails": [],
          "failureMessages": [],
          "fullName": "Suite de testes para validar campos obrigatório e mensagens de retorno) Teste 10, Consulta sem resultado.",
          "invocations": 1,
          "location": null,
          "numPassingAsserts": 2,
          "retryReasons": [],
          "status": "passed",
          "title": "Teste 10, Consulta sem resultado."
        },
        {
          "ancestorTitles": [
            "Suite de testes para validar campos obrigatório e mensagens de retorno)"
          ],
          "duration": 8,
          "failureDetails": [],
          "failureMessages": [],
          "fullName": "Suite de testes para validar campos obrigatório e mensagens de retorno) Teste 11, Tentativa de consulta conteudo não existente.",
          "invocations": 1,
          "location": null,
          "numPassingAsserts": 2,
          "retryReasons": [],
          "status": "passed",
          "title": "Teste 11, Tentativa de consulta conteudo não existente."
        },
        {
          "ancestorTitles": [
            "Suite de testes para validar campos obrigatório e mensagens de retorno)"
          ],
          "duration": 10,
          "failureDetails": [],
          "failureMessages": [],
          "fullName": "Suite de testes para validar campos obrigatório e mensagens de retorno) Teste 12, Tentativa de deletar conteudo não existente.",
          "invocations": 1,
          "location": null,
          "numPassingAsserts": 2,
          "retryReasons": [],
          "status": "passed",
          "title": "Teste 12, Tentativa de deletar conteudo não existente."
        },
        {
          "ancestorTitles": [
            "Suite de testes para validar campos obrigatório e mensagens de retorno)"
          ],
          "duration": 11,
          "failureDetails": [],
          "failureMessages": [],
          "fullName": "Suite de testes para validar campos obrigatório e mensagens de retorno) Teste 13, Tentativa de alterar conteudo não existente.",
          "invocations": 1,
          "location": null,
          "numPassingAsserts": 2,
          "retryReasons": [],
          "status": "passed",
          "title": "Teste 13, Tentativa de alterar conteudo não existente."
        },
        {
          "ancestorTitles": [
            "Suite de testes para validar campos obrigatório e mensagens de retorno)"
          ],
          "duration": 8,
          "failureDetails": [],
          "failureMessages": [],
          "fullName": "Suite de testes para validar campos obrigatório e mensagens de retorno) Teste 14, Tentativa de alterar sem infomrar os campos obrigatórios",
          "invocations": 1,
          "location": null,
          "numPassingAsserts": 2,
          "retryReasons": [],
          "status": "passed",
          "title": "Teste 14, Tentativa de alterar sem infomrar os campos obrigatórios"
        },
        {
          "ancestorTitles": [
            "Suite de testes para validar campos obrigatório e mensagens de retorno)"
          ],
          "duration": 6,
          "failureDetails": [],
          "failureMessages": [],
          "fullName": "Suite de testes para validar campos obrigatório e mensagens de retorno) Teste 15, Tentativa de alterar sem infomrar titulo",
          "invocations": 1,
          "location": null,
          "numPassingAsserts": 2,
          "retryReasons": [],
          "status": "passed",
          "title": "Teste 15, Tentativa de alterar sem infomrar titulo"
        },
        {
          "ancestorTitles": [
            "Suite de testes para validar campos obrigatório e mensagens de retorno)"
          ],
          "duration": 8,
          "failureDetails": [],
          "failureMessages": [],
          "fullName": "Suite de testes para validar campos obrigatório e mensagens de retorno) Teste 16, Tentativa de alterar sem infomrar descricao",
          "invocations": 1,
          "location": null,
          "numPassingAsserts": 2,
          "retryReasons": [],
          "status": "passed",
          "title": "Teste 16, Tentativa de alterar sem infomrar descricao"
        },
        {
          "ancestorTitles": [
            "Suite de testes para validar campos obrigatório e mensagens de retorno)"
          ],
          "duration": 7,
          "failureDetails": [],
          "failureMessages": [],
          "fullName": "Suite de testes para validar campos obrigatório e mensagens de retorno) Teste 17, Tentativa de alterar sem infomrar tipoConteudo",
          "invocations": 1,
          "location": null,
          "numPassingAsserts": 2,
          "retryReasons": [],
          "status": "passed",
          "title": "Teste 17, Tentativa de alterar sem infomrar tipoConteudo"
        },
        {
          "ancestorTitles": [
            "Suite de testes para validar campos obrigatório e mensagens de retorno)"
          ],
          "duration": 7,
          "failureDetails": [],
          "failureMessages": [],
          "fullName": "Suite de testes para validar campos obrigatório e mensagens de retorno) Teste 18, Tentativa de alterar sem infomrar conteudo",
          "invocations": 1,
          "location": null,
          "numPassingAsserts": 2,
          "retryReasons": [],
          "status": "passed",
          "title": "Teste 18, Tentativa de alterar sem infomrar conteudo"
        }
      ],
      "failureMessage": null
    },
    {
      "leaks": false,
      "numFailingTests": 0,
      "numPassingTests": 14,
      "numPendingTests": 0,
      "numTodoTests": 0,
      "openHandles": [],
      "perfStats": {
        "end": 1719807677656,
        "runtime": 4500,
        "slow": false,
        "start": 1719807673156
      },
      "skipped": false,
      "snapshot": {
        "added": 0,
        "fileDeleted": false,
        "matched": 0,
        "unchecked": 0,
        "uncheckedKeys": [],
        "unmatched": 0,
        "updated": 0
      },
      "testFilePath": "C:\\Users\\pflav\\gitHub\\pats_disciplina_api_01\\primeiro-teste\\test\\conteudo\\validacao.conteudo.test.js",
      "testResults": [
        {
          "ancestorTitles": [
            "Suite de testes para validar campos obrigatório e mensagens de retorno)"
          ],
          "duration": 43,
          "failureDetails": [],
          "failureMessages": [],
          "fullName": "Suite de testes para validar campos obrigatório e mensagens de retorno) Teste 05, Cadastro de um conteudo sem titulo verificar mensagem de erro.",
          "invocations": 1,
          "location": null,
          "numPassingAsserts": 2,
          "retryReasons": [],
          "status": "passed",
          "title": "Teste 05, Cadastro de um conteudo sem titulo verificar mensagem de erro."
        },
        {
          "ancestorTitles": [
            "Suite de testes para validar campos obrigatório e mensagens de retorno)"
          ],
          "duration": 8,
          "failureDetails": [],
          "failureMessages": [],
          "fullName": "Suite de testes para validar campos obrigatório e mensagens de retorno) Teste 06, Cadastro de um conteudo sem descricao verificar mensagem de erro.",
          "invocations": 1,
          "location": null,
          "numPassingAsserts": 2,
          "retryReasons": [],
          "status": "passed",
          "title": "Teste 06, Cadastro de um conteudo sem descricao verificar mensagem de erro."
        },
        {
          "ancestorTitles": [
            "Suite de testes para validar campos obrigatório e mensagens de retorno)"
          ],
          "duration": 4,
          "failureDetails": [],
          "failureMessages": [],
          "fullName": "Suite de testes para validar campos obrigatório e mensagens de retorno) Teste 07, Cadastro de um conteudo sem tipoConteudo verificar mensagem de erro.",
          "invocations": 1,
          "location": null,
          "numPassingAsserts": 2,
          "retryReasons": [],
          "status": "passed",
          "title": "Teste 07, Cadastro de um conteudo sem tipoConteudo verificar mensagem de erro."
        },
        {
          "ancestorTitles": [
            "Suite de testes para validar campos obrigatório e mensagens de retorno)"
          ],
          "duration": 3,
          "failureDetails": [],
          "failureMessages": [],
          "fullName": "Suite de testes para validar campos obrigatório e mensagens de retorno) Teste 08, Cadastro de um conteudo sem conteudo verificar mensagem de erro.",
          "invocations": 1,
          "location": null,
          "numPassingAsserts": 2,
          "retryReasons": [],
          "status": "passed",
          "title": "Teste 08, Cadastro de um conteudo sem conteudo verificar mensagem de erro."
        },
        {
          "ancestorTitles": [
            "Suite de testes para validar campos obrigatório e mensagens de retorno)"
          ],
          "duration": 4,
          "failureDetails": [],
          "failureMessages": [],
          "fullName": "Suite de testes para validar campos obrigatório e mensagens de retorno) Teste 09, Cadastro de um conteudo sem dados verificar mensagem de erro.",
          "invocations": 1,
          "location": null,
          "numPassingAsserts": 2,
          "retryReasons": [],
          "status": "passed",
          "title": "Teste 09, Cadastro de um conteudo sem dados verificar mensagem de erro."
        },
        {
          "ancestorTitles": [
            "Suite de testes para validar campos obrigatório e mensagens de retorno)"
          ],
          "duration": 8,
          "failureDetails": [],
          "failureMessages": [],
          "fullName": "Suite de testes para validar campos obrigatório e mensagens de retorno) Teste 10, Consulta sem resultado.",
          "invocations": 1,
          "location": null,
          "numPassingAsserts": 2,
          "retryReasons": [],
          "status": "passed",
          "title": "Teste 10, Consulta sem resultado."
        },
        {
          "ancestorTitles": [
            "Suite de testes para validar campos obrigatório e mensagens de retorno)"
          ],
          "duration": 8,
          "failureDetails": [],
          "failureMessages": [],
          "fullName": "Suite de testes para validar campos obrigatório e mensagens de retorno) Teste 11, Tentativa de consulta conteudo não existente.",
          "invocations": 1,
          "location": null,
          "numPassingAsserts": 2,
          "retryReasons": [],
          "status": "passed",
          "title": "Teste 11, Tentativa de consulta conteudo não existente."
        },
        {
          "ancestorTitles": [
            "Suite de testes para validar campos obrigatório e mensagens de retorno)"
          ],
          "duration": 9,
          "failureDetails": [],
          "failureMessages": [],
          "fullName": "Suite de testes para validar campos obrigatório e mensagens de retorno) Teste 12, Tentativa de deletar conteudo não existente.",
          "invocations": 1,
          "location": null,
          "numPassingAsserts": 2,
          "retryReasons": [],
          "status": "passed",
          "title": "Teste 12, Tentativa de deletar conteudo não existente."
        },
        {
          "ancestorTitles": [
            "Suite de testes para validar campos obrigatório e mensagens de retorno)"
          ],
          "duration": 9,
          "failureDetails": [],
          "failureMessages": [],
          "fullName": "Suite de testes para validar campos obrigatório e mensagens de retorno) Teste 13, Tentativa de alterar conteudo não existente.",
          "invocations": 1,
          "location": null,
          "numPassingAsserts": 2,
          "retryReasons": [],
          "status": "passed",
          "title": "Teste 13, Tentativa de alterar conteudo não existente."
        },
        {
          "ancestorTitles": [
            "Suite de testes para validar campos obrigatório e mensagens de retorno)"
          ],
          "duration": 6,
          "failureDetails": [],
          "failureMessages": [],
          "fullName": "Suite de testes para validar campos obrigatório e mensagens de retorno) Teste 14, Tentativa de alterar sem infomrar os campos obrigatórios",
          "invocations": 1,
          "location": null,
          "numPassingAsserts": 2,
          "retryReasons": [],
          "status": "passed",
          "title": "Teste 14, Tentativa de alterar sem infomrar os campos obrigatórios"
        },
        {
          "ancestorTitles": [
            "Suite de testes para validar campos obrigatório e mensagens de retorno)"
          ],
          "duration": 10,
          "failureDetails": [],
          "failureMessages": [],
          "fullName": "Suite de testes para validar campos obrigatório e mensagens de retorno) Teste 15, Tentativa de alterar sem infomrar titulo",
          "invocations": 1,
          "location": null,
          "numPassingAsserts": 2,
          "retryReasons": [],
          "status": "passed",
          "title": "Teste 15, Tentativa de alterar sem infomrar titulo"
        },
        {
          "ancestorTitles": [
            "Suite de testes para validar campos obrigatório e mensagens de retorno)"
          ],
          "duration": 6,
          "failureDetails": [],
          "failureMessages": [],
          "fullName": "Suite de testes para validar campos obrigatório e mensagens de retorno) Teste 16, Tentativa de alterar sem infomrar descricao",
          "invocations": 1,
          "location": null,
          "numPassingAsserts": 2,
          "retryReasons": [],
          "status": "passed",
          "title": "Teste 16, Tentativa de alterar sem infomrar descricao"
        },
        {
          "ancestorTitles": [
            "Suite de testes para validar campos obrigatório e mensagens de retorno)"
          ],
          "duration": 7,
          "failureDetails": [],
          "failureMessages": [],
          "fullName": "Suite de testes para validar campos obrigatório e mensagens de retorno) Teste 17, Tentativa de alterar sem infomrar tipoConteudo",
          "invocations": 1,
          "location": null,
          "numPassingAsserts": 2,
          "retryReasons": [],
          "status": "passed",
          "title": "Teste 17, Tentativa de alterar sem infomrar tipoConteudo"
        },
        {
          "ancestorTitles": [
            "Suite de testes para validar campos obrigatório e mensagens de retorno)"
          ],
          "duration": 6,
          "failureDetails": [],
          "failureMessages": [],
          "fullName": "Suite de testes para validar campos obrigatório e mensagens de retorno) Teste 18, Tentativa de alterar sem infomrar conteudo",
          "invocations": 1,
          "location": null,
          "numPassingAsserts": 2,
          "retryReasons": [],
          "status": "passed",
          "title": "Teste 18, Tentativa de alterar sem infomrar conteudo"
        }
      ],
      "failureMessage": null
    }
  ],
  "wasInterrupted": false
}