{
  "numFailedTestSuites": 0,
  "numFailedTests": 0,
  "numPassedTestSuites": 4,
  "numPassedTests": 29,
  "numPendingTestSuites": 0,
  "numPendingTests": 0,
  "numRuntimeErrorTestSuites": 0,
  "numTodoTests": 0,
  "numTotalTestSuites": 4,
  "numTotalTests": 29,
  "openHandles": [],
  "snapshot": {
    "added": 0,
    "didUpdate": false,
    "failure": false,
    "filesAdded": 0,
    "filesRemoved": 0,
    "filesRemovedList": [],
    "filesUnmatched": 0,
    "filesUpdated": 0,
    "matched": 0,
    "total": 0,
    "unchecked": 0,
    "uncheckedKeysByFile": [],
    "unmatched": 0,
    "updated": 0
  },
  "startTime": 1719806522002,
  "success": false,
  "testResults": [
    {
      "leaks": false,
      "numFailingTests": 0,
      "numPassingTests": 5,
      "numPendingTests": 0,
      "numTodoTests": 0,
      "openHandles": [],
      "perfStats": {
        "end": 1719806523575,
        "runtime": 1118,
        "slow": false,
        "start": 1719806522457
      },
      "skipped": false,
      "snapshot": {
        "added": 0,
        "fileDeleted": false,
        "matched": 0,
        "unchecked": 0,
        "uncheckedKeys": [],
        "unmatched": 0,
        "updated": 0
      },
      "testFilePath": "C:\\Users\\pflav\\gitHub\\pats_disciplina_api_01\\primeiro-teste\\test\\user\\test-users.test.js",
      "testResults": [
        {
          "ancestorTitles": [
            "Suite de testes da api users..."
          ],
          "duration": 14,
          "failureDetails": [],
          "failureMessages": [],
          "fullName": "Suite de testes da api users... Consulta todos os usuários... deve retornar status 200",
          "invocations": 1,
          "location": null,
          "numPassingAsserts": 1,
          "retryReasons": [],
          "status": "passed",
          "title": "Consulta todos os usuários... deve retornar status 200"
        },
        {
          "ancestorTitles": [
            "Suite de testes da api users..."
          ],
          "duration": 30,
          "failureDetails": [],
          "failureMessages": [],
          "fullName": "Suite de testes da api users... Deve cadastrar um novo usuário e deve retornar status 201",
          "invocations": 1,
          "location": null,
          "numPassingAsserts": 1,
          "retryReasons": [],
          "status": "passed",
          "title": "Deve cadastrar um novo usuário e deve retornar status 201"
        },
        {
          "ancestorTitles": [
            "Suite de testes da api users..."
          ],
          "duration": 7,
          "failureDetails": [],
          "failureMessages": [],
          "fullName": "Suite de testes da api users... Tentativa de cadastrar um novo usuário com e-mail que já existe... de deve retornar messagem de erro",
          "invocations": 1,
          "location": null,
          "numPassingAsserts": 1,
          "retryReasons": [],
          "status": "passed",
          "title": "Tentativa de cadastrar um novo usuário com e-mail que já existe... de deve retornar messagem de erro"
        },
        {
          "ancestorTitles": [
            "Suite de testes da api users..."
          ],
          "duration": 7,
          "failureDetails": [],
          "failureMessages": [],
          "fullName": "Suite de testes da api users... Criação de usuário com dados inválidos, deve retornar 422 e deve retornar messagem de erro",
          "invocations": 1,
          "location": null,
          "numPassingAsserts": 1,
          "retryReasons": [],
          "status": "passed",
          "title": "Criação de usuário com dados inválidos, deve retornar 422 e deve retornar messagem de erro"
        },
        {
          "ancestorTitles": [
            "Suite de testes da api users..."
          ],
          "duration": 7,
          "failureDetails": [],
          "failureMessages": [],
          "fullName": "Suite de testes da api users... Deve consultar um usuário cadastrado anteriormente, e logar o registro do usuário cadastrado com o retornado",
          "invocations": 1,
          "location": null,
          "numPassingAsserts": 1,
          "retryReasons": [],
          "status": "passed",
          "title": "Deve consultar um usuário cadastrado anteriormente, e logar o registro do usuário cadastrado com o retornado"
        }
      ],
      "failureMessage": null
    },
    {
      "leaks": false,
      "numFailingTests": 0,
      "numPassingTests": 4,
      "numPendingTests": 0,
      "numTodoTests": 0,
      "openHandles": [],
      "perfStats": {
        "end": 1719806528801,
        "runtime": 6349,
        "slow": true,
        "start": 1719806522452
      },
      "skipped": false,
      "snapshot": {
        "added": 0,
        "fileDeleted": false,
        "matched": 0,
        "unchecked": 0,
        "uncheckedKeys": [],
        "unmatched": 0,
        "updated": 0
      },
      "testFilePath": "C:\\Users\\pflav\\gitHub\\pats_disciplina_api_01\\primeiro-teste\\test\\conteudo\\crud-conteudo.test.js",
      "testResults": [
        {
          "ancestorTitles": [
            "Suite de testes crud (post, get, put, delete Conteudo)"
          ],
          "duration": 62,
          "failureDetails": [],
          "failureMessages": [],
          "fullName": "Suite de testes crud (post, get, put, delete Conteudo) Teste 01. Cadastrondo um conteúdo com sucesso e verificar statusCode de retorno.",
          "invocations": 1,
          "location": null,
          "numPassingAsserts": 5,
          "retryReasons": [],
          "status": "passed",
          "title": "Teste 01. Cadastrondo um conteúdo com sucesso e verificar statusCode de retorno."
        },
        {
          "ancestorTitles": [
            "Suite de testes crud (post, get, put, delete Conteudo)"
          ],
          "duration": 17,
          "failureDetails": [],
          "failureMessages": [],
          "fullName": "Suite de testes crud (post, get, put, delete Conteudo) Teste 02. Consultar o conteúdo cadastrado com sucesso e verificar statusCode de retorno.",
          "invocations": 1,
          "location": null,
          "numPassingAsserts": 6,
          "retryReasons": [],
          "status": "passed",
          "title": "Teste 02. Consultar o conteúdo cadastrado com sucesso e verificar statusCode de retorno."
        },
        {
          "ancestorTitles": [
            "Suite de testes crud (post, get, put, delete Conteudo)"
          ],
          "duration": 26,
          "failureDetails": [],
          "failureMessages": [],
          "fullName": "Suite de testes crud (post, get, put, delete Conteudo) Teste 03. Alterar o conteúdo de um item existente com sucesso e verificar statusCode de retorno.",
          "invocations": 1,
          "location": null,
          "numPassingAsserts": 6,
          "retryReasons": [],
          "status": "passed",
          "title": "Teste 03. Alterar o conteúdo de um item existente com sucesso e verificar statusCode de retorno."
        },
        {
          "ancestorTitles": [
            "Suite de testes crud (post, get, put, delete Conteudo)"
          ],
          "duration": 37,
          "failureDetails": [],
          "failureMessages": [],
          "fullName": "Suite de testes crud (post, get, put, delete Conteudo) Teste 04. Deletar o conteúdo de um item existente com sucesso e verificar statusCode de retorno.",
          "invocations": 1,
          "location": null,
          "numPassingAsserts": 4,
          "retryReasons": [],
          "status": "passed",
          "title": "Teste 04. Deletar o conteúdo de um item existente com sucesso e verificar statusCode de retorno."
        }
      ],
      "failureMessage": null
    },
    {
      "leaks": false,
      "numFailingTests": 0,
      "numPassingTests": 6,
      "numPendingTests": 0,
      "numTodoTests": 0,
      "openHandles": [],
      "perfStats": {
        "end": 1719806528872,
        "runtime": 6431,
        "slow": true,
        "start": 1719806522441
      },
      "skipped": false,
      "snapshot": {
        "added": 0,
        "fileDeleted": false,
        "matched": 0,
        "unchecked": 0,
        "uncheckedKeys": [],
        "unmatched": 0,
        "updated": 0
      },
      "testFilePath": "C:\\Users\\pflav\\gitHub\\pats_disciplina_api_01\\primeiro-teste\\test\\user\\test-usersV2.test.js",
      "testResults": [
        {
          "ancestorTitles": [
            ""
          ],
          "duration": 15,
          "failureDetails": [],
          "failureMessages": [],
          "fullName": " Cadastrondo um usuário sem senha verificar mensagem de erro.",
          "invocations": 1,
          "location": null,
          "numPassingAsserts": 8,
          "retryReasons": [],
          "status": "passed",
          "title": "Cadastrondo um usuário sem senha verificar mensagem de erro."
        },
        {
          "ancestorTitles": [
            ""
          ],
          "duration": 5,
          "failureDetails": [],
          "failureMessages": [],
          "fullName": " Cadastrondo um usuário sem email verificar mensagem de erro.",
          "invocations": 1,
          "location": null,
          "numPassingAsserts": 2,
          "retryReasons": [],
          "status": "passed",
          "title": "Cadastrondo um usuário sem email verificar mensagem de erro."
        },
        {
          "ancestorTitles": [
            ""
          ],
          "duration": 5,
          "failureDetails": [],
          "failureMessages": [],
          "fullName": " Cadastrondo um usuário sem telefone verificar mensagem de erro.",
          "invocations": 1,
          "location": null,
          "numPassingAsserts": 2,
          "retryReasons": [],
          "status": "passed",
          "title": "Cadastrondo um usuário sem telefone verificar mensagem de erro."
        },
        {
          "ancestorTitles": [
            ""
          ],
          "duration": 7,
          "failureDetails": [],
          "failureMessages": [],
          "fullName": " Cadastrondo um usuário sem nome verificar mensagem de erro.",
          "invocations": 1,
          "location": null,
          "numPassingAsserts": 2,
          "retryReasons": [],
          "status": "passed",
          "title": "Cadastrondo um usuário sem nome verificar mensagem de erro."
        },
        {
          "ancestorTitles": [
            ""
          ],
          "duration": 54,
          "failureDetails": [],
          "failureMessages": [],
          "fullName": " Validar a deleção de um usuário.",
          "invocations": 1,
          "location": null,
          "numPassingAsserts": 4,
          "retryReasons": [],
          "status": "passed",
          "title": "Validar a deleção de um usuário."
        },
        {
          "ancestorTitles": [
            ""
          ],
          "duration": 68,
          "failureDetails": [],
          "failureMessages": [],
          "fullName": " Validar a alteração de um usuário.",
          "invocations": 1,
          "location": null,
          "numPassingAsserts": 10,
          "retryReasons": [],
          "status": "passed",
          "title": "Validar a alteração de um usuário."
        }
      ],
      "failureMessage": null
    },
    {
      "leaks": false,
      "numFailingTests": 0,
      "numPassingTests": 14,
      "numPendingTests": 0,
      "numTodoTests": 0,
      "openHandles": [],
      "perfStats": {
        "end": 1719806528934,
        "runtime": 6506,
        "slow": true,
        "start": 1719806522428
      },
      "skipped": false,
      "snapshot": {
        "added": 0,
        "fileDeleted": false,
        "matched": 0,
        "unchecked": 0,
        "uncheckedKeys": [],
        "unmatched": 0,
        "updated": 0
      },
      "testFilePath": "C:\\Users\\pflav\\gitHub\\pats_disciplina_api_01\\primeiro-teste\\test\\conteudo\\validacao-conteudo.test.js",
      "testResults": [
        {
          "ancestorTitles": [
            "Suite de testes para validar campos obrigatório e mensagens de retorno)"
          ],
          "duration": 58,
          "failureDetails": [],
          "failureMessages": [],
          "fullName": "Suite de testes para validar campos obrigatório e mensagens de retorno) Teste 05, Cadastro de um conteudo sem titulo verificar mensagem de erro.",
          "invocations": 1,
          "location": null,
          "numPassingAsserts": 2,
          "retryReasons": [],
          "status": "passed",
          "title": "Teste 05, Cadastro de um conteudo sem titulo verificar mensagem de erro."
        },
        {
          "ancestorTitles": [
            "Suite de testes para validar campos obrigatório e mensagens de retorno)"
          ],
          "duration": 7,
          "failureDetails": [],
          "failureMessages": [],
          "fullName": "Suite de testes para validar campos obrigatório e mensagens de retorno) Teste 06, Cadastro de um conteudo sem descricao verificar mensagem de erro.",
          "invocations": 1,
          "location": null,
          "numPassingAsserts": 2,
          "retryReasons": [],
          "status": "passed",
          "title": "Teste 06, Cadastro de um conteudo sem descricao verificar mensagem de erro."
        },
        {
          "ancestorTitles": [
            "Suite de testes para validar campos obrigatório e mensagens de retorno)"
          ],
          "duration": 5,
          "failureDetails": [],
          "failureMessages": [],
          "fullName": "Suite de testes para validar campos obrigatório e mensagens de retorno) Teste 07, Cadastro de um conteudo sem tipoConteudo verificar mensagem de erro.",
          "invocations": 1,
          "location": null,
          "numPassingAsserts": 2,
          "retryReasons": [],
          "status": "passed",
          "title": "Teste 07, Cadastro de um conteudo sem tipoConteudo verificar mensagem de erro."
        },
        {
          "ancestorTitles": [
            "Suite de testes para validar campos obrigatório e mensagens de retorno)"
          ],
          "duration": 5,
          "failureDetails": [],
          "failureMessages": [],
          "fullName": "Suite de testes para validar campos obrigatório e mensagens de retorno) Teste 08, Cadastro de um conteudo sem conteudo verificar mensagem de erro.",
          "invocations": 1,
          "location": null,
          "numPassingAsserts": 2,
          "retryReasons": [],
          "status": "passed",
          "title": "Teste 08, Cadastro de um conteudo sem conteudo verificar mensagem de erro."
        },
        {
          "ancestorTitles": [
            "Suite de testes para validar campos obrigatório e mensagens de retorno)"
          ],
          "duration": 5,
          "failureDetails": [],
          "failureMessages": [],
          "fullName": "Suite de testes para validar campos obrigatório e mensagens de retorno) Teste 09, Cadastro de um conteudo sem dados verificar mensagem de erro.",
          "invocations": 1,
          "location": null,
          "numPassingAsserts": 2,
          "retryReasons": [],
          "status": "passed",
          "title": "Teste 09, Cadastro de um conteudo sem dados verificar mensagem de erro."
        },
        {
          "ancestorTitles": [
            "Suite de testes para validar campos obrigatório e mensagens de retorno)"
          ],
          "duration": 52,
          "failureDetails": [],
          "failureMessages": [],
          "fullName": "Suite de testes para validar campos obrigatório e mensagens de retorno) Teste 10, Consulta sem resultado.",
          "invocations": 1,
          "location": null,
          "numPassingAsserts": 2,
          "retryReasons": [],
          "status": "passed",
          "title": "Teste 10, Consulta sem resultado."
        },
        {
          "ancestorTitles": [
            "Suite de testes para validar campos obrigatório e mensagens de retorno)"
          ],
          "duration": 17,
          "failureDetails": [],
          "failureMessages": [],
          "fullName": "Suite de testes para validar campos obrigatório e mensagens de retorno) Teste 11, Tentativa de consulta conteudo não existente.",
          "invocations": 1,
          "location": null,
          "numPassingAsserts": 2,
          "retryReasons": [],
          "status": "passed",
          "title": "Teste 11, Tentativa de consulta conteudo não existente."
        },
        {
          "ancestorTitles": [
            "Suite de testes para validar campos obrigatório e mensagens de retorno)"
          ],
          "duration": 16,
          "failureDetails": [],
          "failureMessages": [],
          "fullName": "Suite de testes para validar campos obrigatório e mensagens de retorno) Teste 12, Tentativa de deletar conteudo não existente.",
          "invocations": 1,
          "location": null,
          "numPassingAsserts": 2,
          "retryReasons": [],
          "status": "passed",
          "title": "Teste 12, Tentativa de deletar conteudo não existente."
        },
        {
          "ancestorTitles": [
            "Suite de testes para validar campos obrigatório e mensagens de retorno)"
          ],
          "duration": 43,
          "failureDetails": [],
          "failureMessages": [],
          "fullName": "Suite de testes para validar campos obrigatório e mensagens de retorno) Teste 13, Tentativa de alterar conteudo não existente.",
          "invocations": 1,
          "location": null,
          "numPassingAsserts": 2,
          "retryReasons": [],
          "status": "passed",
          "title": "Teste 13, Tentativa de alterar conteudo não existente."
        },
        {
          "ancestorTitles": [
            "Suite de testes para validar campos obrigatório e mensagens de retorno)"
          ],
          "duration": 23,
          "failureDetails": [],
          "failureMessages": [],
          "fullName": "Suite de testes para validar campos obrigatório e mensagens de retorno) Teste 14, Tentativa de alterar sem infomrar os campos obrigatórios",
          "invocations": 1,
          "location": null,
          "numPassingAsserts": 2,
          "retryReasons": [],
          "status": "passed",
          "title": "Teste 14, Tentativa de alterar sem infomrar os campos obrigatórios"
        },
        {
          "ancestorTitles": [
            "Suite de testes para validar campos obrigatório e mensagens de retorno)"
          ],
          "duration": 13,
          "failureDetails": [],
          "failureMessages": [],
          "fullName": "Suite de testes para validar campos obrigatório e mensagens de retorno) Teste 15, Tentativa de alterar sem infomrar titulo",
          "invocations": 1,
          "location": null,
          "numPassingAsserts": 2,
          "retryReasons": [],
          "status": "passed",
          "title": "Teste 15, Tentativa de alterar sem infomrar titulo"
        },
        {
          "ancestorTitles": [
            "Suite de testes para validar campos obrigatório e mensagens de retorno)"
          ],
          "duration": 9,
          "failureDetails": [],
          "failureMessages": [],
          "fullName": "Suite de testes para validar campos obrigatório e mensagens de retorno) Teste 16, Tentativa de alterar sem infomrar descricao",
          "invocations": 1,
          "location": null,
          "numPassingAsserts": 2,
          "retryReasons": [],
          "status": "passed",
          "title": "Teste 16, Tentativa de alterar sem infomrar descricao"
        },
        {
          "ancestorTitles": [
            "Suite de testes para validar campos obrigatório e mensagens de retorno)"
          ],
          "duration": 8,
          "failureDetails": [],
          "failureMessages": [],
          "fullName": "Suite de testes para validar campos obrigatório e mensagens de retorno) Teste 17, Tentativa de alterar sem infomrar tipoConteudo",
          "invocations": 1,
          "location": null,
          "numPassingAsserts": 2,
          "retryReasons": [],
          "status": "passed",
          "title": "Teste 17, Tentativa de alterar sem infomrar tipoConteudo"
        },
        {
          "ancestorTitles": [
            "Suite de testes para validar campos obrigatório e mensagens de retorno)"
          ],
          "duration": 10,
          "failureDetails": [],
          "failureMessages": [],
          "fullName": "Suite de testes para validar campos obrigatório e mensagens de retorno) Teste 18, Tentativa de alterar sem infomrar conteudo",
          "invocations": 1,
          "location": null,
          "numPassingAsserts": 2,
          "retryReasons": [],
          "status": "passed",
          "title": "Teste 18, Tentativa de alterar sem infomrar conteudo"
        }
      ],
      "failureMessage": null
    }
  ],
  "wasInterrupted": false
}